d:\work\work2017\soa\smsv5src\objlib\release\vc141.pdb
d:\work\work2017\soa\smsv5src\objlib\release\wkftbl.obj
d:\work\work2017\soa\smsv5src\objlib\release\wakuenv.obj
d:\work\work2017\soa\smsv5src\objlib\release\senvlib.obj
d:\work\work2017\soa\smsv5src\objlib\release\scrnlib.obj
d:\work\work2017\soa\smsv5src\objlib\release\rulelib.obj
d:\work\work2017\soa\smsv5src\objlib\release\pout.obj
d:\work\work2017\soa\smsv5src\objlib\release\outlib.obj
d:\work\work2017\soa\smsv5src\objlib\release\fdxflib.obj
d:\work\work2017\soa\smsv5src\objlib\release\epsflib.obj
d:\work\work2017\soa\smsv5src\objlib\release\diblib.obj
d:\work\work2017\soa\smsv5src\objlib\release\baselib.obj
d:\work\work2017\soa\smsv5src\objlib\release\objlib.pch
d:\work\work2017\soa\smsv5src\objlib\release\stdafx.obj
d:\work\work2017\soa\smsv5src\objlib\release\plot.obj
d:\work\work2017\soa\smsv5src\objlib\release\plgnfill.obj
d:\work\work2017\soa\smsv5src\objlib\release\pdrwlib.obj
d:\work\work2017\soa\smsv5src\objlib\release\outlnlib.obj
d:\work\work2017\soa\smsv5src\objlib\release\objlib.obj
d:\work\work2017\soa\smsv5src\objlib\release\mojienv.obj
d:\work\work2017\soa\smsv5src\objlib\release\mdfylib.obj
d:\work\work2017\soa\smsv5src\objlib\release\mathlib.obj
d:\work\work2017\soa\smsv5src\objlib\release\kamonlib.obj
d:\work\work2017\soa\smsv5src\objlib\release\figuenv.obj
d:\work\work2017\soa\smsv5src\objlib\release\dltlib.obj
d:\work\work2017\soa\smsv5src\objlib\release\disp.obj
d:\work\work2017\soa\smsv5src\objlib\release\curvelib.obj
d:\work\work2017\soa\smsv5src\objlib\release\crosslib.obj
d:\work\work2017\soa\smsv5src\objlib\release\cmprlib.obj
d:\work\work2017\soa\smsv5src\objlib\release\strcttrn.obj
d:\work\work2017\soa\smsv5src\objlib\release\protect.obj
d:\work\work2017\soa\smsv5src\ses\release\objlib.dll
d:\work\work2017\soa\smsv5src\ses\release\objlib.pdb
d:\work\work2017\soa\smsv5src\ses\release\objlib.lib
d:\work\work2017\soa\smsv5src\ses\release\objlib.exp
d:\work\work2017\soa\smsv5src\ses\release\objlib.ipdb
d:\work\work2017\soa\smsv5src\ses\release\objlib.iobj
d:\work\work2017\soa\smsv5src\objlib\release\objlib.res
d:\work\work2017\soa\smsv5src\objlib\release\objlib.tlog\cl.command.1.tlog
d:\work\work2017\soa\smsv5src\objlib\release\objlib.tlog\cl.read.1.tlog
d:\work\work2017\soa\smsv5src\objlib\release\objlib.tlog\cl.write.1.tlog
d:\work\work2017\soa\smsv5src\objlib\release\objlib.tlog\link.command.1.tlog
d:\work\work2017\soa\smsv5src\objlib\release\objlib.tlog\link.delete.1.tlog
d:\work\work2017\soa\smsv5src\objlib\release\objlib.tlog\link.read.1.tlog
d:\work\work2017\soa\smsv5src\objlib\release\objlib.tlog\link.write.1.tlog
d:\work\work2017\soa\smsv5src\objlib\release\objlib.tlog\objlib.write.1u.tlog
d:\work\work2017\soa\smsv5src\objlib\release\objlib.tlog\rc.command.1.tlog
d:\work\work2017\soa\smsv5src\objlib\release\objlib.tlog\rc.read.1.tlog
d:\work\work2017\soa\smsv5src\objlib\release\objlib.tlog\rc.write.1.tlog
