  stdafx.cpp
  _WIN32_WINNT not defined. Defaulting to _WIN32_WINNT_MAXVER (see WinSDKVer.h)
  Baselib.cpp
d:\work\work2017\soa\smsv5src\objlib\baselib.cpp(606): warning C4101: 'lc': ローカル変数は 1 度も使われていません。
d:\work\work2017\soa\smsv5src\objlib\baselib.cpp(606): warning C4101: 'hc': ローカル変数は 1 度も使われていません。
d:\work\work2017\soa\smsv5src\objlib\baselib.cpp(675): warning C4101: 'lc': ローカル変数は 1 度も使われていません。
d:\work\work2017\soa\smsv5src\objlib\baselib.cpp(675): warning C4101: 'hc': ローカル変数は 1 度も使われていません。
d:\work\work2017\soa\smsv5src\objlib\baselib.cpp(791): warning C4101: 'hc': ローカル変数は 1 度も使われていません。
  Cmprlib.cpp
  Crosslib.cpp
  Curvelib.cpp
  Diblib.cpp
  Disp.cpp
  Dltlib.cpp
  Epsflib.cpp
  Fdxflib.cpp
  Figuenv.cpp
  Kamonlib.cpp
  Mathlib.cpp
  Mdfylib.cpp
  Mojienv.cpp
  ObjLib.cpp
  Outlib.cpp
  Outlnlib.cpp
  Pdrwlib.cpp
  Plgnfill.cpp
  Plot.cpp
  コンパイル中...
  Pout.cpp
  Protect.cpp
  Rulelib.cpp
  Scrnlib.cpp
  Senvlib.cpp
  Strcttrn.cpp
  Wakuenv.cpp
  Wkftbl.cpp
     ライブラリ D:\work\work2017\SOA\smsv5src\Ses\Release\ObjLib.lib とオブジェクト D:\work\work2017\SOA\smsv5src\Ses\Release\ObjLib.exp を作成中
  コード生成しています。
d:\work\work2017\soa\smsv5src\objlib\baselib.cpp(574): warning C4172: ローカル変数またはテンポラリのアドレスを返します: szSafix
c:\program files (x86)\windows kits\10\include\10.0.17763.0\ucrt\corecrt_memcpy_s.h(50): warning C4789: バッファー 'outbuf' (サイズが 256 バイト) でオーバーランが発生します。256 バイトがオフセット 10 から書き込まれます
  All 957 functions were compiled because no usable IPDB/IOBJ from previous compilation was found.
  コード生成が終了しました。
  ObjLib.vcxproj -> D:\work\work2017\SOA\smsv5src\Ses\Release\ObjLib.dll
