d:\work\work2017\soa\smsv5src\ses\sms\debug\vc141.pdb
d:\work\work2017\soa\smsv5src\ses\sms\debug\vc141.idb
d:\work\work2017\soa\smsv5src\ses\sms\debug\sysenv.obj
d:\work\work2017\soa\smsv5src\ses\sms\debug\smsdoc.obj
d:\work\work2017\soa\smsv5src\ses\sms\debug\crctwaku.obj
d:\work\work2017\soa\smsv5src\ses\sms\debug\childfrm.obj
d:\work\work2017\soa\smsv5src\ses\sms\debug\cmdbase.obj
d:\work\work2017\soa\smsv5src\ses\sms\debug\smsview.obj
d:\work\work2017\soa\smsv5src\ses\sms\debug\sms.obj
d:\work\work2017\soa\smsv5src\ses\sms\debug\dialogmain.obj
d:\work\work2017\soa\smsv5src\ses\sms\debug\dialoginput.obj
d:\work\work2017\soa\smsv5src\ses\sms\debug\charlib.obj
d:\work\work2017\soa\smsv5src\ses\sms\debug\mainfrm.obj
d:\work\work2017\soa\smsv5src\ses\sms\debug\dialogwakuslct.obj
d:\work\work2017\soa\smsv5src\ses\sms\debug\dialoglistdisp.obj
d:\work\work2017\soa\smsv5src\ses\sms\debug\dialogimagesize.obj
d:\work\work2017\soa\smsv5src\ses\sms\debug\dialogimagedisp.obj
d:\work\work2017\soa\smsv5src\ses\sms\debug\dialoggaijislct.obj
d:\work\work2017\soa\smsv5src\ses\sms\debug\imehndl.obj
d:\work\work2017\soa\smsv5src\ses\sms\debug\dialogsetjpgelement.obj
d:\work\work2017\soa\smsv5src\ses\sms\debug\bmpfile.obj
d:\work\work2017\soa\smsv5src\ses\sms\debug\sms.pch
d:\work\work2017\soa\smsv5src\ses\sms\debug\stdafx.obj
d:\work\work2017\soa\smsv5src\ses\sms\debug\fileeps.obj
d:\work\work2017\soa\smsv5src\ses\debug\sms.exe
d:\work\work2017\soa\smsv5src\ses\debug\sms.ilk
d:\work\work2017\soa\smsv5src\ses\debug\sms.pdb
d:\work\work2017\soa\smsv5src\ses\sms\debug\sms.res
d:\work\work2017\soa\smsv5src\ses\debug\sms.lib
d:\work\work2017\soa\smsv5src\ses\debug\sms.exp
d:\work\work2017\soa\smsv5src\ses\sms\debug\dialoginput.obj.enc
d:\work\work2017\soa\smsv5src\ses\sms\debug\sms.tlog\cl.command.1.tlog
d:\work\work2017\soa\smsv5src\ses\sms\debug\sms.tlog\cl.read.1.tlog
d:\work\work2017\soa\smsv5src\ses\sms\debug\sms.tlog\cl.write.1.tlog
d:\work\work2017\soa\smsv5src\ses\sms\debug\sms.tlog\link.command.1.tlog
d:\work\work2017\soa\smsv5src\ses\sms\debug\sms.tlog\link.delete.1.tlog
d:\work\work2017\soa\smsv5src\ses\sms\debug\sms.tlog\link.read.1.tlog
d:\work\work2017\soa\smsv5src\ses\sms\debug\sms.tlog\link.write.1.tlog
d:\work\work2017\soa\smsv5src\ses\sms\debug\sms.tlog\rc.command.1.tlog
d:\work\work2017\soa\smsv5src\ses\sms\debug\sms.tlog\rc.read.1.tlog
d:\work\work2017\soa\smsv5src\ses\sms\debug\sms.tlog\rc.write.1.tlog
d:\work\work2017\soa\smsv5src\ses\sms\debug\sms.tlog\sms.write.1u.tlog
