d:\work\work2017\soa\smsv5src\object\debug\object.pch
d:\work\work2017\soa\smsv5src\object\debug\vc141.pdb
d:\work\work2017\soa\smsv5src\object\debug\vc141.idb
d:\work\work2017\soa\smsv5src\object\debug\stdafx.obj
d:\work\work2017\soa\smsv5src\object\debug\plist.obj
d:\work\work2017\soa\smsv5src\object\debug\pblock.obj
d:\work\work2017\soa\smsv5src\object\debug\object.obj
d:\work\work2017\soa\smsv5src\object\debug\mx2font.obj
d:\work\work2017\soa\smsv5src\object\debug\msurvect.obj
d:\work\work2017\soa\smsv5src\object\debug\mojivect.obj
d:\work\work2017\soa\smsv5src\object\debug\metadata.obj
d:\work\work2017\soa\smsv5src\object\debug\fsf1font.obj
d:\work\work2017\soa\smsv5src\object\debug\esf1font.obj
d:\work\work2017\soa\smsv5src\object\debug\esf0font.obj
d:\work\work2017\soa\smsv5src\object\debug\dibcdata.obj
d:\work\work2017\soa\smsv5src\object\debug\datalogo.obj
d:\work\work2017\soa\smsv5src\object\debug\datalist.obj
d:\work\work2017\soa\smsv5src\object\debug\datagrup.obj
d:\work\work2017\soa\smsv5src\object\debug\datafdib.obj
d:\work\work2017\soa\smsv5src\object\debug\data.obj
d:\work\work2017\soa\smsv5src\object\debug\clipdata.obj
d:\work\work2017\soa\smsv5src\object\debug\boldlib.obj
d:\work\work2017\soa\smsv5src\object\debug\arkfont.obj
d:\work\work2017\soa\smsv5src\object\debug\arcfont.obj
d:\work\work2017\soa\smsv5src\object\debug\winttfont.obj
d:\work\work2017\soa\smsv5src\object\debug\wakuvect.obj
d:\work\work2017\soa\smsv5src\object\debug\vect.obj
d:\work\work2017\soa\smsv5src\object\debug\swakvect.obj
d:\work\work2017\soa\smsv5src\object\debug\strgvect.obj
d:\work\work2017\soa\smsv5src\object\debug\sptnvect.obj
d:\work\work2017\soa\smsv5src\object\debug\scrfont.obj
d:\work\work2017\soa\smsv5src\ses\debug\object.ilk
d:\work\work2017\soa\smsv5src\ses\debug\object.dll
d:\work\work2017\soa\smsv5src\ses\debug\object.pdb
d:\work\work2017\soa\smsv5src\ses\debug\object.lib
d:\work\work2017\soa\smsv5src\ses\debug\object.exp
d:\work\work2017\soa\smsv5src\object\debug\object.res
d:\work\work2017\soa\smsv5src\object\debug\object.tlog\cl.command.1.tlog
d:\work\work2017\soa\smsv5src\object\debug\object.tlog\cl.read.1.tlog
d:\work\work2017\soa\smsv5src\object\debug\object.tlog\cl.write.1.tlog
d:\work\work2017\soa\smsv5src\object\debug\object.tlog\link.command.1.tlog
d:\work\work2017\soa\smsv5src\object\debug\object.tlog\link.read.1.tlog
d:\work\work2017\soa\smsv5src\object\debug\object.tlog\link.write.1.tlog
d:\work\work2017\soa\smsv5src\object\debug\object.tlog\object.write.1u.tlog
d:\work\work2017\soa\smsv5src\object\debug\object.tlog\rc.command.1.tlog
d:\work\work2017\soa\smsv5src\object\debug\object.tlog\rc.read.1.tlog
d:\work\work2017\soa\smsv5src\object\debug\object.tlog\rc.write.1.tlog
