d:\work\work2017\soa\smsv5src\ses\ses\debug\ses.pch
d:\work\work2017\soa\smsv5src\ses\ses\debug\vc141.pdb
d:\work\work2017\soa\smsv5src\ses\ses\debug\vc141.idb
d:\work\work2017\soa\smsv5src\ses\ses\debug\stdafx.obj
d:\work\work2017\soa\smsv5src\ses\ses\debug\cmdmsur.obj
d:\work\work2017\soa\smsv5src\ses\ses\debug\cmdmoji.obj
d:\work\work2017\soa\smsv5src\ses\ses\debug\cmdmente.obj
d:\work\work2017\soa\smsv5src\ses\ses\debug\cmdline.obj
d:\work\work2017\soa\smsv5src\ses\ses\debug\cmdkamoncrct.obj
d:\work\work2017\soa\smsv5src\ses\ses\debug\cmdkamon.obj
d:\work\work2017\soa\smsv5src\ses\ses\debug\cmdftp.obj
d:\work\work2017\soa\smsv5src\ses\ses\debug\cmdfile.obj
d:\work\work2017\soa\smsv5src\ses\ses\debug\cmdfigu.obj
d:\work\work2017\soa\smsv5src\ses\ses\debug\cmdedit.obj
d:\work\work2017\soa\smsv5src\ses\ses\debug\cmdeftp.obj
d:\work\work2017\soa\smsv5src\ses\ses\debug\cmddibc.obj
d:\work\work2017\soa\smsv5src\ses\ses\debug\cmddbedit.obj
d:\work\work2017\soa\smsv5src\ses\ses\debug\cmdcrdnt.obj
d:\work\work2017\soa\smsv5src\ses\ses\debug\cmdclr.obj
d:\work\work2017\soa\smsv5src\ses\ses\debug\cmdbasebmp.obj
d:\work\work2017\soa\smsv5src\ses\ses\debug\cmdbase.obj
d:\work\work2017\soa\smsv5src\ses\ses\debug\cmdatr.obj
d:\work\work2017\soa\smsv5src\ses\ses\debug\charlib.obj
d:\work\work2017\soa\smsv5src\ses\ses\debug\bmpfile.obj
d:\work\work2017\soa\smsv5src\ses\ses\debug\dialogclrbar.obj
d:\work\work2017\soa\smsv5src\ses\ses\debug\dialogbmpround.obj
d:\work\work2017\soa\smsv5src\ses\ses\debug\dialog2pointsize.obj
d:\work\work2017\soa\smsv5src\ses\ses\debug\daodblib.obj
d:\work\work2017\soa\smsv5src\ses\ses\debug\curveutil.obj
d:\work\work2017\soa\smsv5src\ses\ses\debug\crosslib.obj
d:\work\work2017\soa\smsv5src\ses\ses\debug\cmdzoom.obj
d:\work\work2017\soa\smsv5src\ses\ses\debug\cmdwaku.obj
d:\work\work2017\soa\smsv5src\ses\ses\debug\cmdtrns.obj
d:\work\work2017\soa\smsv5src\ses\ses\debug\cmdsystem.obj
d:\work\work2017\soa\smsv5src\ses\ses\debug\cmdsub.obj
d:\work\work2017\soa\smsv5src\ses\ses\debug\cmdstrgprop.obj
d:\work\work2017\soa\smsv5src\ses\ses\debug\cmdstrg.obj
d:\work\work2017\soa\smsv5src\ses\ses\debug\cmdspclstrg.obj
d:\work\work2017\soa\smsv5src\ses\ses\debug\cmdspcl.obj
d:\work\work2017\soa\smsv5src\ses\ses\debug\cmdslct.obj
d:\work\work2017\soa\smsv5src\ses\ses\debug\cmdsend.obj
d:\work\work2017\soa\smsv5src\ses\ses\debug\cmdswak.obj
d:\work\work2017\soa\smsv5src\ses\ses\debug\cmdpoint.obj
d:\work\work2017\soa\smsv5src\ses\ses\debug\cmdploter.obj
d:\work\work2017\soa\smsv5src\ses\ses\debug\dialogkamonload.obj
d:\work\work2017\soa\smsv5src\ses\ses\debug\dialoginputnumpair.obj
d:\work\work2017\soa\smsv5src\ses\ses\debug\dialoginputnum.obj
d:\work\work2017\soa\smsv5src\ses\ses\debug\dialogimagesave.obj
d:\work\work2017\soa\smsv5src\ses\ses\debug\dialoggradation.obj
d:\work\work2017\soa\smsv5src\ses\ses\debug\dialoggaijislct.obj
d:\work\work2017\soa\smsv5src\ses\ses\debug\dialoggaiji.obj
d:\work\work2017\soa\smsv5src\ses\ses\debug\dialogfontchange.obj
d:\work\work2017\soa\smsv5src\ses\ses\debug\dialogepskamonload.obj
d:\work\work2017\soa\smsv5src\ses\ses\debug\dialogeditbar.obj
d:\work\work2017\soa\smsv5src\ses\ses\debug\dialogeskamonsave.obj
d:\work\work2017\soa\smsv5src\ses\ses\debug\dialogeskamonload.obj
d:\work\work2017\soa\smsv5src\ses\ses\debug\dialogeskamon.obj
d:\work\work2017\soa\smsv5src\ses\ses\debug\dialogdivplotout.obj
d:\work\work2017\soa\smsv5src\ses\ses\debug\dialogdirslct.obj
d:\work\work2017\soa\smsv5src\ses\ses\debug\dialogdbedit.obj
d:\work\work2017\soa\smsv5src\ses\ses\debug\dialogcrctload.obj
d:\work\work2017\soa\smsv5src\ses\ses\debug\dialogcrctdisp.obj
d:\work\work2017\soa\smsv5src\ses\ses\debug\dialogcptrfolder.obj
d:\work\work2017\soa\smsv5src\ses\ses\debug\dialogconerkind.obj
d:\work\work2017\soa\smsv5src\ses\ses\debug\dialogslctstrg.obj
d:\work\work2017\soa\smsv5src\ses\ses\debug\dialogslctmailadrs.obj
d:\work\work2017\soa\smsv5src\ses\ses\debug\dialogslctftpadrs.obj
d:\work\work2017\soa\smsv5src\ses\ses\debug\dialogsizelist.obj
d:\work\work2017\soa\smsv5src\ses\ses\debug\dialogsizecrcl.obj
d:\work\work2017\soa\smsv5src\ses\ses\debug\dialogsizeboxs.obj
d:\work\work2017\soa\smsv5src\ses\ses\debug\dialogshadow.obj
d:\work\work2017\soa\smsv5src\ses\ses\debug\dialogsetspace.obj
d:\work\work2017\soa\smsv5src\ses\ses\debug\dialogscrnenv.obj
d:\work\work2017\soa\smsv5src\ses\ses\debug\dialogscrnclr.obj
d:\work\work2017\soa\smsv5src\ses\ses\debug\dialogplotout.obj
d:\work\work2017\soa\smsv5src\ses\ses\debug\dialogoutline.obj
d:\work\work2017\soa\smsv5src\ses\ses\debug\dialogmsuratrset.obj
d:\work\work2017\soa\smsv5src\ses\ses\debug\dialogmojisize.obj
d:\work\work2017\soa\smsv5src\ses\ses\debug\dialogmojisave.obj
d:\work\work2017\soa\smsv5src\ses\ses\debug\dialogmojimove.obj
d:\work\work2017\soa\smsv5src\ses\ses\debug\dialogmojiload.obj
d:\work\work2017\soa\smsv5src\ses\ses\debug\dialogmojifiting.obj
d:\work\work2017\soa\smsv5src\ses\ses\debug\dialogmemoryenvset.obj
d:\work\work2017\soa\smsv5src\ses\ses\debug\dialogmdbselect.obj
d:\work\work2017\soa\smsv5src\ses\ses\debug\dialogwakuload.obj
d:\work\work2017\soa\smsv5src\ses\ses\debug\dialogwakuinput.obj
d:\work\work2017\soa\smsv5src\ses\ses\debug\dialogwakuinsekiji.obj
d:\work\work2017\soa\smsv5src\ses\ses\debug\dialogwakugrup.obj
d:\work\work2017\soa\smsv5src\ses\ses\debug\dialogwakuedit.obj
d:\work\work2017\soa\smsv5src\ses\ses\debug\dialogwakudelete.obj
d:\work\work2017\soa\smsv5src\ses\ses\debug\dialogwakucopytrns.obj
d:\work\work2017\soa\smsv5src\ses\ses\debug\dialogwakubarside.obj
d:\work\work2017\soa\smsv5src\ses\ses\debug\dialogwakubar3.obj
d:\work\work2017\soa\smsv5src\ses\ses\debug\dialogwakubar2.obj
d:\work\work2017\soa\smsv5src\ses\ses\debug\dialogwakubar1.obj
d:\work\work2017\soa\smsv5src\ses\ses\debug\dialogwakuatrchange.obj
d:\work\work2017\soa\smsv5src\ses\ses\debug\dialogwakuaddatr.obj
d:\work\work2017\soa\smsv5src\ses\ses\debug\dialogtraceimage.obj
d:\work\work2017\soa\smsv5src\ses\ses\debug\dialogtextinput.obj
d:\work\work2017\soa\smsv5src\ses\ses\debug\dialogstrgvstruct.obj
d:\work\work2017\soa\smsv5src\ses\ses\debug\dialogstrglineup.obj
d:\work\work2017\soa\smsv5src\ses\ses\debug\dialogstrginseart.obj
d:\work\work2017\soa\smsv5src\ses\ses\debug\dialogstrginput.obj
d:\work\work2017\soa\smsv5src\ses\ses\debug\dialogstrgarc.obj
d:\work\work2017\soa\smsv5src\ses\ses\debug\mydialogbar.obj
d:\work\work2017\soa\smsv5src\ses\ses\debug\mydialog.obj
d:\work\work2017\soa\smsv5src\ses\ses\debug\mybutton.obj
d:\work\work2017\soa\smsv5src\ses\ses\debug\minmax.obj
d:\work\work2017\soa\smsv5src\ses\ses\debug\mente.obj
d:\work\work2017\soa\smsv5src\ses\ses\debug\imehndl.obj
d:\work\work2017\soa\smsv5src\ses\ses\debug\fontcbox.obj
d:\work\work2017\soa\smsv5src\ses\ses\debug\filevect.obj
d:\work\work2017\soa\smsv5src\ses\ses\debug\fileeps.obj
d:\work\work2017\soa\smsv5src\ses\ses\debug\filedxf.obj
d:\work\work2017\soa\smsv5src\ses\ses\debug\filearc.obj
d:\work\work2017\soa\smsv5src\ses\ses\debug\excellib.obj
d:\work\work2017\soa\smsv5src\ses\ses\debug\excel.obj
d:\work\work2017\soa\smsv5src\ses\ses\debug\diblib.obj
d:\work\work2017\soa\smsv5src\ses\ses\debug\dialogxlsselect.obj
d:\work\work2017\soa\smsv5src\ses\ses\debug\dialogwkpaperdel.obj
d:\work\work2017\soa\smsv5src\ses\ses\debug\dialogwkpaperadd.obj
d:\work\work2017\soa\smsv5src\ses\ses\debug\dialogwakusort.obj
d:\work\work2017\soa\smsv5src\ses\ses\debug\dialogwakusave.obj
d:\work\work2017\soa\smsv5src\ses\ses\debug\dialogwakupaper.obj
d:\work\work2017\soa\smsv5src\ses\ses\debug\sysenv.obj
d:\work\work2017\soa\smsv5src\ses\ses\debug\sesdoc.obj
d:\work\work2017\soa\smsv5src\ses\ses\debug\ses.obj
d:\work\work2017\soa\smsv5src\ses\ses\debug\mainfrm.obj
d:\work\work2017\soa\smsv5src\ses\ses\debug\command.obj
d:\work\work2017\soa\smsv5src\ses\ses\debug\childfrm.obj
d:\work\work2017\soa\smsv5src\ses\ses\debug\wakutool.obj
d:\work\work2017\soa\smsv5src\ses\ses\debug\viewfiledialog.obj
d:\work\work2017\soa\smsv5src\ses\ses\debug\myfiledialog.obj
d:\work\work2017\soa\smsv5src\ses\ses\debug\myedit.obj
d:\work\work2017\soa\smsv5src\ses\ses\debug\sesview.obj
d:\work\work2017\soa\smsv5src\ses\debug\ses.exe
d:\work\work2017\soa\smsv5src\ses\debug\ses.ilk
d:\work\work2017\soa\smsv5src\ses\debug\ses.pdb
d:\work\work2017\soa\smsv5src\ses\ses\debug\ses.res
d:\work\work2017\soa\smsv5src\ses\debug\ses.lib
d:\work\work2017\soa\smsv5src\ses\debug\ses.exp
d:\work\work2017\soa\smsv5src\ses\ses\debug\ses.tlog\cl.command.1.tlog
d:\work\work2017\soa\smsv5src\ses\ses\debug\ses.tlog\cl.read.1.tlog
d:\work\work2017\soa\smsv5src\ses\ses\debug\ses.tlog\cl.write.1.tlog
d:\work\work2017\soa\smsv5src\ses\ses\debug\ses.tlog\link.command.1.tlog
d:\work\work2017\soa\smsv5src\ses\ses\debug\ses.tlog\link.read.1.tlog
d:\work\work2017\soa\smsv5src\ses\ses\debug\ses.tlog\link.write.1.tlog
d:\work\work2017\soa\smsv5src\ses\ses\debug\ses.tlog\rc.command.1.tlog
d:\work\work2017\soa\smsv5src\ses\ses\debug\ses.tlog\rc.read.1.tlog
d:\work\work2017\soa\smsv5src\ses\ses\debug\ses.tlog\rc.write.1.tlog
d:\work\work2017\soa\smsv5src\ses\ses\debug\ses.tlog\ses.write.1u.tlog
