d:\work\work2017\soa\smsv5src\objlib\debug\objlib.pch
d:\work\work2017\soa\smsv5src\objlib\debug\vc141.pdb
d:\work\work2017\soa\smsv5src\objlib\debug\vc141.idb
d:\work\work2017\soa\smsv5src\objlib\debug\stdafx.obj
d:\work\work2017\soa\smsv5src\objlib\debug\plot.obj
d:\work\work2017\soa\smsv5src\objlib\debug\plgnfill.obj
d:\work\work2017\soa\smsv5src\objlib\debug\pdrwlib.obj
d:\work\work2017\soa\smsv5src\objlib\debug\outlnlib.obj
d:\work\work2017\soa\smsv5src\objlib\debug\outlib.obj
d:\work\work2017\soa\smsv5src\objlib\debug\objlib.obj
d:\work\work2017\soa\smsv5src\objlib\debug\mojienv.obj
d:\work\work2017\soa\smsv5src\objlib\debug\mdfylib.obj
d:\work\work2017\soa\smsv5src\objlib\debug\mathlib.obj
d:\work\work2017\soa\smsv5src\objlib\debug\kamonlib.obj
d:\work\work2017\soa\smsv5src\objlib\debug\figuenv.obj
d:\work\work2017\soa\smsv5src\objlib\debug\fdxflib.obj
d:\work\work2017\soa\smsv5src\objlib\debug\epsflib.obj
d:\work\work2017\soa\smsv5src\objlib\debug\dltlib.obj
d:\work\work2017\soa\smsv5src\objlib\debug\disp.obj
d:\work\work2017\soa\smsv5src\objlib\debug\diblib.obj
d:\work\work2017\soa\smsv5src\objlib\debug\curvelib.obj
d:\work\work2017\soa\smsv5src\objlib\debug\crosslib.obj
d:\work\work2017\soa\smsv5src\objlib\debug\cmprlib.obj
d:\work\work2017\soa\smsv5src\objlib\debug\baselib.obj
d:\work\work2017\soa\smsv5src\objlib\debug\wkftbl.obj
d:\work\work2017\soa\smsv5src\objlib\debug\wakuenv.obj
d:\work\work2017\soa\smsv5src\objlib\debug\strcttrn.obj
d:\work\work2017\soa\smsv5src\objlib\debug\senvlib.obj
d:\work\work2017\soa\smsv5src\objlib\debug\scrnlib.obj
d:\work\work2017\soa\smsv5src\objlib\debug\rulelib.obj
d:\work\work2017\soa\smsv5src\objlib\debug\protect.obj
d:\work\work2017\soa\smsv5src\objlib\debug\pout.obj
d:\work\work2017\soa\smsv5src\ses\debug\objlib.ilk
d:\work\work2017\soa\smsv5src\ses\debug\objlib.dll
d:\work\work2017\soa\smsv5src\ses\debug\objlib.pdb
d:\work\work2017\soa\smsv5src\ses\debug\objlib.lib
d:\work\work2017\soa\smsv5src\ses\debug\objlib.exp
d:\work\work2017\soa\smsv5src\objlib\debug\objlib.res
d:\work\work2017\soa\smsv5src\objlib\debug\objlib.tlog\cl.command.1.tlog
d:\work\work2017\soa\smsv5src\objlib\debug\objlib.tlog\cl.read.1.tlog
d:\work\work2017\soa\smsv5src\objlib\debug\objlib.tlog\cl.write.1.tlog
d:\work\work2017\soa\smsv5src\objlib\debug\objlib.tlog\link.command.1.tlog
d:\work\work2017\soa\smsv5src\objlib\debug\objlib.tlog\link.read.1.tlog
d:\work\work2017\soa\smsv5src\objlib\debug\objlib.tlog\link.write.1.tlog
d:\work\work2017\soa\smsv5src\objlib\debug\objlib.tlog\objlib.write.1u.tlog
d:\work\work2017\soa\smsv5src\objlib\debug\objlib.tlog\rc.command.1.tlog
d:\work\work2017\soa\smsv5src\objlib\debug\objlib.tlog\rc.read.1.tlog
d:\work\work2017\soa\smsv5src\objlib\debug\objlib.tlog\rc.write.1.tlog
