  stdafx.cpp
  _WIN32_WINNT not defined. Defaulting to _WIN32_WINNT_MAXVER (see WinSDKVer.h)
  Baselib.cpp
d:\work\work2017\soa\smsv5src\objlib\baselib.cpp(606): warning C4101: 'lc': ローカル変数は 1 度も使われていません。
d:\work\work2017\soa\smsv5src\objlib\baselib.cpp(606): warning C4101: 'hc': ローカル変数は 1 度も使われていません。
d:\work\work2017\soa\smsv5src\objlib\baselib.cpp(675): warning C4101: 'lc': ローカル変数は 1 度も使われていません。
d:\work\work2017\soa\smsv5src\objlib\baselib.cpp(675): warning C4101: 'hc': ローカル変数は 1 度も使われていません。
d:\work\work2017\soa\smsv5src\objlib\baselib.cpp(791): warning C4101: 'hc': ローカル変数は 1 度も使われていません。
  Cmprlib.cpp
  Crosslib.cpp
  Curvelib.cpp
  Diblib.cpp
  Disp.cpp
  Dltlib.cpp
  Epsflib.cpp
  Fdxflib.cpp
  Figuenv.cpp
  Kamonlib.cpp
  Mathlib.cpp
  Mdfylib.cpp
  Mojienv.cpp
  ObjLib.cpp
  Outlib.cpp
  Outlnlib.cpp
  Pdrwlib.cpp
  Plgnfill.cpp
  Plot.cpp
  コードを生成中...
d:\work\work2017\soa\smsv5src\objlib\baselib.cpp(574): warning C4172: ローカル変数またはテンポラリのアドレスを返します: szSafix
  コンパイル中...
  Pout.cpp
  Protect.cpp
  Rulelib.cpp
  Scrnlib.cpp
  Senvlib.cpp
  Strcttrn.cpp
  Wakuenv.cpp
  Wkftbl.cpp
  コードを生成中...
     ライブラリ D:\work\work2017\SOA\smsv5src\Ses\Debug\ObjLib.lib とオブジェクト D:\work\work2017\SOA\smsv5src\Ses\Debug\ObjLib.exp を作成中
  ObjLib.vcxproj -> D:\work\work2017\SOA\smsv5src\Ses\Debug\ObjLib.dll
