d:\work\work2017\soa\smsv5src\object\x64\debug\vc141.pdb
d:\work\work2017\soa\smsv5src\object\x64\debug\vc141.idb
d:\work\work2017\soa\smsv5src\object\x64\debug\wakuvect.obj
d:\work\work2017\soa\smsv5src\object\x64\debug\vect.obj
d:\work\work2017\soa\smsv5src\object\x64\debug\swakvect.obj
d:\work\work2017\soa\smsv5src\object\x64\debug\strgvect.obj
d:\work\work2017\soa\smsv5src\object\x64\debug\sptnvect.obj
d:\work\work2017\soa\smsv5src\object\x64\debug\msurvect.obj
d:\work\work2017\soa\smsv5src\object\x64\debug\mojivect.obj
d:\work\work2017\soa\smsv5src\object\x64\debug\metadata.obj
d:\work\work2017\soa\smsv5src\object\x64\debug\esf0font.obj
d:\work\work2017\soa\smsv5src\object\x64\debug\dibcdata.obj
d:\work\work2017\soa\smsv5src\object\x64\debug\datalogo.obj
d:\work\work2017\soa\smsv5src\object\x64\debug\datalist.obj
d:\work\work2017\soa\smsv5src\object\x64\debug\datagrup.obj
d:\work\work2017\soa\smsv5src\object\x64\debug\datafdib.obj
d:\work\work2017\soa\smsv5src\object\x64\debug\data.obj
d:\work\work2017\soa\smsv5src\object\x64\debug\clipdata.obj
d:\work\work2017\soa\smsv5src\object\x64\debug\boldlib.obj
d:\work\work2017\soa\smsv5src\object\x64\debug\arcfont.obj
d:\work\work2017\soa\smsv5src\object\x64\debug\object.pch
d:\work\work2017\soa\smsv5src\object\x64\debug\stdafx.obj
d:\work\work2017\soa\smsv5src\object\x64\debug\object.obj
d:\work\work2017\soa\smsv5src\object\x64\debug\mx2font.obj
d:\work\work2017\soa\smsv5src\object\x64\debug\gdiplusex.obj
d:\work\work2017\soa\smsv5src\object\x64\debug\fsf1font.obj
d:\work\work2017\soa\smsv5src\object\x64\debug\fbu0font.obj
d:\work\work2017\soa\smsv5src\object\x64\debug\esf1font.obj
d:\work\work2017\soa\smsv5src\object\x64\debug\arkfont.obj
d:\work\work2017\soa\smsv5src\object\x64\debug\winttfont.obj
d:\work\work2017\soa\smsv5src\object\x64\debug\scrfont.obj
d:\work\work2017\soa\smsv5src\object\x64\debug\plist.obj
d:\work\work2017\soa\smsv5src\object\x64\debug\pblock.obj
d:\work\work2017\soa\smsv5src\ses\x64\debug\object.dll
d:\work\work2017\soa\smsv5src\ses\x64\debug\object.ilk
d:\work\work2017\soa\smsv5src\ses\x64\debug\object.pdb
d:\work\work2017\soa\smsv5src\ses\x64\debug\object.lib
d:\work\work2017\soa\smsv5src\ses\x64\debug\object.exp
d:\work\work2017\soa\smsv5src\object\x64\debug\object.res
d:\work\work2017\soa\smsv5src\object\x64\debug\object.tlog\cl.command.1.tlog
d:\work\work2017\soa\smsv5src\object\x64\debug\object.tlog\cl.read.1.tlog
d:\work\work2017\soa\smsv5src\object\x64\debug\object.tlog\cl.write.1.tlog
d:\work\work2017\soa\smsv5src\object\x64\debug\object.tlog\link.9876.delete.1.tlog
d:\work\work2017\soa\smsv5src\object\x64\debug\object.tlog\link.command.1.tlog
d:\work\work2017\soa\smsv5src\object\x64\debug\object.tlog\link.read.1.tlog
d:\work\work2017\soa\smsv5src\object\x64\debug\object.tlog\link.write.1.tlog
d:\work\work2017\soa\smsv5src\object\x64\debug\object.tlog\object.write.1u.tlog
d:\work\work2017\soa\smsv5src\object\x64\debug\object.tlog\rc.command.1.tlog
d:\work\work2017\soa\smsv5src\object\x64\debug\object.tlog\rc.read.1.tlog
d:\work\work2017\soa\smsv5src\object\x64\debug\object.tlog\rc.write.1.tlog
