d:\work\work2017\soa\smsv5src\ses\util\x64\debug\vc141.pdb
d:\work\work2017\soa\smsv5src\ses\util\x64\debug\vc141.idb
d:\work\work2017\soa\smsv5src\ses\util\x64\debug\utilview.obj
d:\work\work2017\soa\smsv5src\ses\util\x64\debug\utildoc.obj
d:\work\work2017\soa\smsv5src\ses\util\x64\debug\util.obj
d:\work\work2017\soa\smsv5src\ses\util\x64\debug\mainfrm.obj
d:\work\work2017\soa\smsv5src\ses\util\x64\debug\childfrm.obj
d:\work\work2017\soa\smsv5src\ses\x64\debug\util.exe
d:\work\work2017\soa\smsv5src\ses\x64\debug\util.ilk
d:\work\work2017\soa\smsv5src\ses\x64\debug\util.pdb
d:\work\work2017\soa\smsv5src\ses\util\x64\debug\util.res
d:\work\work2017\soa\smsv5src\ses\x64\debug\util.lib
d:\work\work2017\soa\smsv5src\ses\x64\debug\util.exp
d:\work\work2017\soa\smsv5src\ses\util\x64\debug\util.tlog\cl.command.1.tlog
d:\work\work2017\soa\smsv5src\ses\util\x64\debug\util.tlog\cl.read.1.tlog
d:\work\work2017\soa\smsv5src\ses\util\x64\debug\util.tlog\cl.write.1.tlog
d:\work\work2017\soa\smsv5src\ses\util\x64\debug\util.tlog\link.command.1.tlog
d:\work\work2017\soa\smsv5src\ses\util\x64\debug\util.tlog\link.read.1.tlog
d:\work\work2017\soa\smsv5src\ses\util\x64\debug\util.tlog\link.write.1.tlog
d:\work\work2017\soa\smsv5src\ses\util\x64\debug\util.tlog\rc.command.1.tlog
d:\work\work2017\soa\smsv5src\ses\util\x64\debug\util.tlog\rc.read.1.tlog
d:\work\work2017\soa\smsv5src\ses\util\x64\debug\util.tlog\rc.write.1.tlog
d:\work\work2017\soa\smsv5src\ses\util\x64\debug\util.tlog\util.write.1u.tlog
