  CmdFile.cpp
d:\work\work2017\soa\smsv5src\ses\cmnsrc\cmdfile.cpp(1283): warning C4101: 'len': ローカル変数は 1 度も使われていません。
d:\work\work2017\soa\smsv5src\ses\cmnsrc\cmdfile.cpp(1327): warning C4101: 'len': ローカル変数は 1 度も使われていません。
  CmdSWak.cpp
  CmdSend.cpp
d:\work\work2017\soa\smsv5src\ses\cmnsrc\cmdsend.cpp(124): warning C4101: 'szMsg': ローカル変数は 1 度も使われていません。
d:\work\work2017\soa\smsv5src\ses\cmnsrc\cmdsend.cpp(127): warning C4101: 'lpfnSendMail': ローカル変数は 1 度も使われていません。
d:\work\work2017\soa\smsv5src\ses\cmnsrc\cmdsend.cpp(117): warning C4101: 'szBuf': ローカル変数は 1 度も使われていません。
d:\work\work2017\soa\smsv5src\ses\cmnsrc\cmdsend.cpp(227): warning C4996: 'strcpy': This function or variable may be unsafe. Consider using strcpy_s instead. To disable deprecation, use _CRT_SECURE_NO_WARNINGS. See online help for details.
  c:\program files (x86)\windows kits\10\include\10.0.17763.0\ucrt\string.h(133): note: 'strcpy' の宣言を確認してください
d:\work\work2017\soa\smsv5src\ses\cmnsrc\cmdsend.cpp(231): warning C4996: 'strcpy': This function or variable may be unsafe. Consider using strcpy_s instead. To disable deprecation, use _CRT_SECURE_NO_WARNINGS. See online help for details.
  c:\program files (x86)\windows kits\10\include\10.0.17763.0\ucrt\string.h(133): note: 'strcpy' の宣言を確認してください
d:\work\work2017\soa\smsv5src\ses\cmnsrc\cmdsend.cpp(284): warning C4996: 'strcpy': This function or variable may be unsafe. Consider using strcpy_s instead. To disable deprecation, use _CRT_SECURE_NO_WARNINGS. See online help for details.
  c:\program files (x86)\windows kits\10\include\10.0.17763.0\ucrt\string.h(133): note: 'strcpy' の宣言を確認してください
d:\work\work2017\soa\smsv5src\ses\cmnsrc\cmdsend.cpp(286): warning C4996: 'strcpy': This function or variable may be unsafe. Consider using strcpy_s instead. To disable deprecation, use _CRT_SECURE_NO_WARNINGS. See online help for details.
  c:\program files (x86)\windows kits\10\include\10.0.17763.0\ucrt\string.h(133): note: 'strcpy' の宣言を確認してください
d:\work\work2017\soa\smsv5src\ses\cmnsrc\cmdsend.cpp(215): warning C4101: 'szFileNameBmp': ローカル変数は 1 度も使われていません。
d:\work\work2017\soa\smsv5src\ses\cmnsrc\cmdsend.cpp(372): warning C4101: 'x': ローカル変数は 1 度も使われていません。
d:\work\work2017\soa\smsv5src\ses\cmnsrc\cmdsend.cpp(465): warning C4101: 'x': ローカル変数は 1 度も使われていません。
d:\work\work2017\soa\smsv5src\ses\cmnsrc\cmdsend.cpp(627): warning C4101: 'x': ローカル変数は 1 度も使われていません。
  DialogEpsKamonLoad.cpp
d:\work\work2017\soa\smsv5src\ses\cmnsrc\dialogepskamonload.cpp(73): warning C4101: 'len': ローカル変数は 1 度も使われていません。
  DialogKamonLoad.cpp
d:\work\work2017\soa\smsv5src\ses\cmnsrc\dialogkamonload.cpp(70): warning C4101: 'len': ローカル変数は 1 度も使われていません。
  DialogSlctFtpAdrs.cpp
  DialogSlctMailAdrs.cpp
  DialogWakuCopyTrns.cpp
d:\work\work2017\soa\smsv5src\ses\cmnsrc\dialogwakucopytrns.cpp(269): warning C4018: '<': signed と unsigned の数値を比較しようとしました。
  DialogWakuDelete.cpp
d:\work\work2017\soa\smsv5src\ses\cmnsrc\dialogwakudelete.cpp(247): warning C4018: '<': signed と unsigned の数値を比較しようとしました。
  DialogWakuGrup.cpp
d:\work\work2017\soa\smsv5src\ses\cmnsrc\dialogwakugrup.cpp(27): warning C4101: 'len': ローカル変数は 1 度も使われていません。
  DialogWakuLoad.cpp
  DialogWakuSave.cpp
d:\work\work2017\soa\smsv5src\ses\cmnsrc\dialogwakusave.cpp(260): warning C4018: '<': signed と unsigned の数値を比較しようとしました。
  DialogWakuSort.cpp
d:\work\work2017\soa\smsv5src\ses\cmnsrc\dialogwakusort.cpp(259): warning C4018: '<': signed と unsigned の数値を比較しようとしました。
  FileDxf.cpp
  ViewFileDialog.cpp
d:\work\work2017\soa\smsv5src\ses\cmnsrc\viewfiledialog.cpp(200): warning C4101: 'len': ローカル変数は 1 度も使われていません。
d:\work\work2017\soa\smsv5src\ses\cmnsrc\viewfiledialog.cpp(223): warning C4101: 'len': ローカル変数は 1 度も使われていません。
     ライブラリ D:\work\work2017\SOA\smsv5src\Ses\Release\Ses.lib とオブジェクト D:\work\work2017\SOA\smsv5src\Ses\Release\Ses.exp を作成中
  コード生成しています。
  36 of 2868 functions ( 1.3%) were compiled, the rest were copied from previous compilation.
    0 functions were new in current compilation
    4 functions had inline decision re-evaluated but remain unchanged
  コード生成が終了しました。
  Ses.vcxproj -> D:\work\work2017\SOA\smsv5src\Ses\Release\Ses.exe
