d:\work\work2017\soa\smsv5src\ses\ses\release\vc141.pdb
d:\work\work2017\soa\smsv5src\ses\ses\release\mainfrm.obj
d:\work\work2017\soa\smsv5src\ses\ses\release\charlib.obj
d:\work\work2017\soa\smsv5src\ses\ses\release\ses.pch
d:\work\work2017\soa\smsv5src\ses\ses\release\stdafx.obj
d:\work\work2017\soa\smsv5src\ses\ses\release\cmdmsur.obj
d:\work\work2017\soa\smsv5src\ses\ses\release\cmdmoji.obj
d:\work\work2017\soa\smsv5src\ses\ses\release\cmdmente.obj
d:\work\work2017\soa\smsv5src\ses\ses\release\cmdline.obj
d:\work\work2017\soa\smsv5src\ses\ses\release\cmdkamoncrct.obj
d:\work\work2017\soa\smsv5src\ses\ses\release\cmdkamon.obj
d:\work\work2017\soa\smsv5src\ses\ses\release\cmdftp.obj
d:\work\work2017\soa\smsv5src\ses\ses\release\cmdfile.obj
d:\work\work2017\soa\smsv5src\ses\ses\release\cmdfigu.obj
d:\work\work2017\soa\smsv5src\ses\ses\release\cmdedit.obj
d:\work\work2017\soa\smsv5src\ses\ses\release\cmdeftp.obj
d:\work\work2017\soa\smsv5src\ses\ses\release\cmddibc.obj
d:\work\work2017\soa\smsv5src\ses\ses\release\cmddbedit.obj
d:\work\work2017\soa\smsv5src\ses\ses\release\cmdcrdnt.obj
d:\work\work2017\soa\smsv5src\ses\ses\release\cmdclr.obj
d:\work\work2017\soa\smsv5src\ses\ses\release\cmdbasebmp.obj
d:\work\work2017\soa\smsv5src\ses\ses\release\cmdbase.obj
d:\work\work2017\soa\smsv5src\ses\ses\release\cmdatr.obj
d:\work\work2017\soa\smsv5src\ses\ses\release\bmpfile.obj
d:\work\work2017\soa\smsv5src\ses\ses\release\dialogclrbar.obj
d:\work\work2017\soa\smsv5src\ses\ses\release\dialogbmpround.obj
d:\work\work2017\soa\smsv5src\ses\ses\release\dialog2pointsize.obj
d:\work\work2017\soa\smsv5src\ses\ses\release\daodblib.obj
d:\work\work2017\soa\smsv5src\ses\ses\release\curveutil.obj
d:\work\work2017\soa\smsv5src\ses\ses\release\crosslib.obj
d:\work\work2017\soa\smsv5src\ses\ses\release\cmdzoom.obj
d:\work\work2017\soa\smsv5src\ses\ses\release\cmdwaku.obj
d:\work\work2017\soa\smsv5src\ses\ses\release\cmdtrns.obj
d:\work\work2017\soa\smsv5src\ses\ses\release\cmdsystem.obj
d:\work\work2017\soa\smsv5src\ses\ses\release\cmdsub.obj
d:\work\work2017\soa\smsv5src\ses\ses\release\cmdstrgprop.obj
d:\work\work2017\soa\smsv5src\ses\ses\release\cmdstrg.obj
d:\work\work2017\soa\smsv5src\ses\ses\release\cmdspclstrg.obj
d:\work\work2017\soa\smsv5src\ses\ses\release\cmdspcl.obj
d:\work\work2017\soa\smsv5src\ses\ses\release\cmdslct.obj
d:\work\work2017\soa\smsv5src\ses\ses\release\cmdsend.obj
d:\work\work2017\soa\smsv5src\ses\ses\release\cmdswak.obj
d:\work\work2017\soa\smsv5src\ses\ses\release\cmdpoint.obj
d:\work\work2017\soa\smsv5src\ses\ses\release\cmdploter.obj
d:\work\work2017\soa\smsv5src\ses\ses\release\dialogkamonload.obj
d:\work\work2017\soa\smsv5src\ses\ses\release\dialoginputnumpair.obj
d:\work\work2017\soa\smsv5src\ses\ses\release\dialoginputnum.obj
d:\work\work2017\soa\smsv5src\ses\ses\release\dialogimagesave.obj
d:\work\work2017\soa\smsv5src\ses\ses\release\dialoggradation.obj
d:\work\work2017\soa\smsv5src\ses\ses\release\dialoggaijislct.obj
d:\work\work2017\soa\smsv5src\ses\ses\release\dialoggaiji.obj
d:\work\work2017\soa\smsv5src\ses\ses\release\dialogfontchange.obj
d:\work\work2017\soa\smsv5src\ses\ses\release\dialogepskamonload.obj
d:\work\work2017\soa\smsv5src\ses\ses\release\dialogeditbar.obj
d:\work\work2017\soa\smsv5src\ses\ses\release\dialogeskamonsave.obj
d:\work\work2017\soa\smsv5src\ses\ses\release\dialogeskamonload.obj
d:\work\work2017\soa\smsv5src\ses\ses\release\dialogeskamon.obj
d:\work\work2017\soa\smsv5src\ses\ses\release\dialogdivplotout.obj
d:\work\work2017\soa\smsv5src\ses\ses\release\dialogdirslct.obj
d:\work\work2017\soa\smsv5src\ses\ses\release\dialogdbedit.obj
d:\work\work2017\soa\smsv5src\ses\ses\release\dialogcrctload.obj
d:\work\work2017\soa\smsv5src\ses\ses\release\dialogcrctdisp.obj
d:\work\work2017\soa\smsv5src\ses\ses\release\dialogcptrfolder.obj
d:\work\work2017\soa\smsv5src\ses\ses\release\dialogconerkind.obj
d:\work\work2017\soa\smsv5src\ses\ses\release\dialogslctstrg.obj
d:\work\work2017\soa\smsv5src\ses\ses\release\dialogslctmailadrs.obj
d:\work\work2017\soa\smsv5src\ses\ses\release\dialogslctftpadrs.obj
d:\work\work2017\soa\smsv5src\ses\ses\release\dialogsizelist.obj
d:\work\work2017\soa\smsv5src\ses\ses\release\dialogsizecrcl.obj
d:\work\work2017\soa\smsv5src\ses\ses\release\dialogsizeboxs.obj
d:\work\work2017\soa\smsv5src\ses\ses\release\dialogshadow.obj
d:\work\work2017\soa\smsv5src\ses\ses\release\dialogsetspace.obj
d:\work\work2017\soa\smsv5src\ses\ses\release\dialogscrnenv.obj
d:\work\work2017\soa\smsv5src\ses\ses\release\dialogscrnclr.obj
d:\work\work2017\soa\smsv5src\ses\ses\release\dialogplotout.obj
d:\work\work2017\soa\smsv5src\ses\ses\release\dialogoutline.obj
d:\work\work2017\soa\smsv5src\ses\ses\release\dialogmsuratrset.obj
d:\work\work2017\soa\smsv5src\ses\ses\release\dialogmojisize.obj
d:\work\work2017\soa\smsv5src\ses\ses\release\dialogmojisave.obj
d:\work\work2017\soa\smsv5src\ses\ses\release\dialogmojimove.obj
d:\work\work2017\soa\smsv5src\ses\ses\release\dialogmojiload.obj
d:\work\work2017\soa\smsv5src\ses\ses\release\dialogmojifiting.obj
d:\work\work2017\soa\smsv5src\ses\ses\release\dialogmemoryenvset.obj
d:\work\work2017\soa\smsv5src\ses\ses\release\dialogmdbselect.obj
d:\work\work2017\soa\smsv5src\ses\ses\release\dialogwakuload.obj
d:\work\work2017\soa\smsv5src\ses\ses\release\dialogwakuinput.obj
d:\work\work2017\soa\smsv5src\ses\ses\release\dialogwakuinsekiji.obj
d:\work\work2017\soa\smsv5src\ses\ses\release\dialogwakugrup.obj
d:\work\work2017\soa\smsv5src\ses\ses\release\dialogwakuedit.obj
d:\work\work2017\soa\smsv5src\ses\ses\release\dialogwakudelete.obj
d:\work\work2017\soa\smsv5src\ses\ses\release\dialogwakucopytrns.obj
d:\work\work2017\soa\smsv5src\ses\ses\release\dialogwakubarside.obj
d:\work\work2017\soa\smsv5src\ses\ses\release\dialogwakubar3.obj
d:\work\work2017\soa\smsv5src\ses\ses\release\dialogwakubar2.obj
d:\work\work2017\soa\smsv5src\ses\ses\release\dialogwakubar1.obj
d:\work\work2017\soa\smsv5src\ses\ses\release\dialogwakuatrchange.obj
d:\work\work2017\soa\smsv5src\ses\ses\release\dialogwakuaddatr.obj
d:\work\work2017\soa\smsv5src\ses\ses\release\dialogtraceimage.obj
d:\work\work2017\soa\smsv5src\ses\ses\release\dialogtextinput.obj
d:\work\work2017\soa\smsv5src\ses\ses\release\dialogstrgvstruct.obj
d:\work\work2017\soa\smsv5src\ses\ses\release\dialogstrglineup.obj
d:\work\work2017\soa\smsv5src\ses\ses\release\dialogstrginseart.obj
d:\work\work2017\soa\smsv5src\ses\ses\release\dialogstrginput.obj
d:\work\work2017\soa\smsv5src\ses\ses\release\dialogstrgarc.obj
d:\work\work2017\soa\smsv5src\ses\ses\release\mydialogbar.obj
d:\work\work2017\soa\smsv5src\ses\ses\release\mydialog.obj
d:\work\work2017\soa\smsv5src\ses\ses\release\mybutton.obj
d:\work\work2017\soa\smsv5src\ses\ses\release\minmax.obj
d:\work\work2017\soa\smsv5src\ses\ses\release\mente.obj
d:\work\work2017\soa\smsv5src\ses\ses\release\imehndl.obj
d:\work\work2017\soa\smsv5src\ses\ses\release\fontcbox.obj
d:\work\work2017\soa\smsv5src\ses\ses\release\filevect.obj
d:\work\work2017\soa\smsv5src\ses\ses\release\fileeps.obj
d:\work\work2017\soa\smsv5src\ses\ses\release\filedxf.obj
d:\work\work2017\soa\smsv5src\ses\ses\release\filearc.obj
d:\work\work2017\soa\smsv5src\ses\ses\release\excellib.obj
d:\work\work2017\soa\smsv5src\ses\ses\release\excel.obj
d:\work\work2017\soa\smsv5src\ses\ses\release\diblib.obj
d:\work\work2017\soa\smsv5src\ses\ses\release\dialogxlsselect.obj
d:\work\work2017\soa\smsv5src\ses\ses\release\dialogwkpaperdel.obj
d:\work\work2017\soa\smsv5src\ses\ses\release\dialogwkpaperadd.obj
d:\work\work2017\soa\smsv5src\ses\ses\release\dialogwakusort.obj
d:\work\work2017\soa\smsv5src\ses\ses\release\dialogwakusave.obj
d:\work\work2017\soa\smsv5src\ses\ses\release\dialogwakupaper.obj
d:\work\work2017\soa\smsv5src\ses\ses\release\sysenv.obj
d:\work\work2017\soa\smsv5src\ses\ses\release\sesview.obj
d:\work\work2017\soa\smsv5src\ses\ses\release\sesdoc.obj
d:\work\work2017\soa\smsv5src\ses\ses\release\ses.obj
d:\work\work2017\soa\smsv5src\ses\ses\release\command.obj
d:\work\work2017\soa\smsv5src\ses\ses\release\childfrm.obj
d:\work\work2017\soa\smsv5src\ses\ses\release\wakutool.obj
d:\work\work2017\soa\smsv5src\ses\ses\release\viewfiledialog.obj
d:\work\work2017\soa\smsv5src\ses\ses\release\myfiledialog.obj
d:\work\work2017\soa\smsv5src\ses\ses\release\myedit.obj
d:\work\work2017\soa\smsv5src\ses\release\ses.exe
d:\work\work2017\soa\smsv5src\ses\release\ses.pdb
d:\work\work2017\soa\smsv5src\ses\ses\release\ses.res
d:\work\work2017\soa\smsv5src\ses\release\ses.lib
d:\work\work2017\soa\smsv5src\ses\release\ses.exp
d:\work\work2017\soa\smsv5src\ses\release\ses.ipdb
d:\work\work2017\soa\smsv5src\ses\release\ses.iobj
d:\work\work2017\soa\smsv5src\ses\ses\release\ses.tlog\cl.command.1.tlog
d:\work\work2017\soa\smsv5src\ses\ses\release\ses.tlog\cl.read.1.tlog
d:\work\work2017\soa\smsv5src\ses\ses\release\ses.tlog\cl.write.1.tlog
d:\work\work2017\soa\smsv5src\ses\ses\release\ses.tlog\link.command.1.tlog
d:\work\work2017\soa\smsv5src\ses\ses\release\ses.tlog\link.read.1.tlog
d:\work\work2017\soa\smsv5src\ses\ses\release\ses.tlog\link.write.1.tlog
d:\work\work2017\soa\smsv5src\ses\ses\release\ses.tlog\rc.command.1.tlog
d:\work\work2017\soa\smsv5src\ses\ses\release\ses.tlog\rc.read.1.tlog
d:\work\work2017\soa\smsv5src\ses\ses\release\ses.tlog\rc.write.1.tlog
d:\work\work2017\soa\smsv5src\ses\ses\release\ses.tlog\ses.write.1u.tlog
