d:\work\work2017\soa\smsv5src\ses\smsout\debug\smsout.pch
d:\work\work2017\soa\smsv5src\ses\smsout\debug\vc141.pdb
d:\work\work2017\soa\smsv5src\ses\smsout\debug\vc141.idb
d:\work\work2017\soa\smsv5src\ses\smsout\debug\stdafx.obj
d:\work\work2017\soa\smsv5src\ses\smsout\debug\dialogoutput.obj
d:\work\work2017\soa\smsv5src\ses\smsout\debug\dialognumarea.obj
d:\work\work2017\soa\smsv5src\ses\smsout\debug\dialoglistdisp.obj
d:\work\work2017\soa\smsv5src\ses\smsout\debug\dialoginput.obj
d:\work\work2017\soa\smsv5src\ses\smsout\debug\dialogimagesize.obj
d:\work\work2017\soa\smsv5src\ses\smsout\debug\dialogimagedisp.obj
d:\work\work2017\soa\smsv5src\ses\smsout\debug\dialoggaijislct.obj
d:\work\work2017\soa\smsv5src\ses\smsout\debug\dialogcheckoutput.obj
d:\work\work2017\soa\smsv5src\ses\smsout\debug\crctwaku.obj
d:\work\work2017\soa\smsv5src\ses\smsout\debug\childfrm.obj
d:\work\work2017\soa\smsv5src\ses\smsout\debug\imehndl.obj
d:\work\work2017\soa\smsv5src\ses\smsout\debug\fileeps.obj
d:\work\work2017\soa\smsv5src\ses\smsout\debug\dialogslctftpadrs.obj
d:\work\work2017\soa\smsv5src\ses\smsout\debug\dialoginputnum.obj
d:\work\work2017\soa\smsv5src\ses\smsout\debug\cmdftp.obj
d:\work\work2017\soa\smsv5src\ses\smsout\debug\cmdeftp.obj
d:\work\work2017\soa\smsv5src\ses\smsout\debug\cmdbasebmp.obj
d:\work\work2017\soa\smsv5src\ses\smsout\debug\cmdbase.obj
d:\work\work2017\soa\smsv5src\ses\smsout\debug\charlib.obj
d:\work\work2017\soa\smsv5src\ses\smsout\debug\bmpfile.obj
d:\work\work2017\soa\smsv5src\ses\smsout\debug\sysenv.obj
d:\work\work2017\soa\smsv5src\ses\smsout\debug\smsoutdoc.obj
d:\work\work2017\soa\smsv5src\ses\smsout\debug\smsout.obj
d:\work\work2017\soa\smsv5src\ses\smsout\debug\mainfrm.obj
d:\work\work2017\soa\smsv5src\ses\smsout\debug\dialogwakuslct.obj
d:\work\work2017\soa\smsv5src\ses\smsout\debug\dialogsizetrns.obj
d:\work\work2017\soa\smsv5src\ses\smsout\debug\dialogsetjpgelement.obj
d:\work\work2017\soa\smsv5src\ses\smsout\debug\smsoutview.obj
d:\work\work2017\soa\smsv5src\ses\debug\smsout.exe
d:\work\work2017\soa\smsv5src\ses\debug\smsout.ilk
d:\work\work2017\soa\smsv5src\ses\debug\smsout.pdb
d:\work\work2017\soa\smsv5src\ses\smsout\debug\smsout.res
d:\work\work2017\soa\smsv5src\ses\debug\smsout.lib
d:\work\work2017\soa\smsv5src\ses\debug\smsout.exp
d:\work\work2017\soa\smsv5src\ses\smsout\debug\smsout.tlog\cl.command.1.tlog
d:\work\work2017\soa\smsv5src\ses\smsout\debug\smsout.tlog\cl.read.1.tlog
d:\work\work2017\soa\smsv5src\ses\smsout\debug\smsout.tlog\cl.write.1.tlog
d:\work\work2017\soa\smsv5src\ses\smsout\debug\smsout.tlog\link.command.1.tlog
d:\work\work2017\soa\smsv5src\ses\smsout\debug\smsout.tlog\link.read.1.tlog
d:\work\work2017\soa\smsv5src\ses\smsout\debug\smsout.tlog\link.write.1.tlog
d:\work\work2017\soa\smsv5src\ses\smsout\debug\smsout.tlog\rc.command.1.tlog
d:\work\work2017\soa\smsv5src\ses\smsout\debug\smsout.tlog\rc.read.1.tlog
d:\work\work2017\soa\smsv5src\ses\smsout\debug\smsout.tlog\rc.write.1.tlog
d:\work\work2017\soa\smsv5src\ses\smsout\debug\smsout.tlog\smsout.write.1u.tlog
