d:\work\work2017\soa\smsv5src\ses\sgs\debug\sgs.pch
d:\work\work2017\soa\smsv5src\ses\sgs\debug\vc141.pdb
d:\work\work2017\soa\smsv5src\ses\sgs\debug\vc141.idb
d:\work\work2017\soa\smsv5src\ses\sgs\debug\stdafx.obj
d:\work\work2017\soa\smsv5src\ses\sgs\debug\cmdsub.obj
d:\work\work2017\soa\smsv5src\ses\sgs\debug\cmdstrgprop.obj
d:\work\work2017\soa\smsv5src\ses\sgs\debug\cmdspclstrg.obj
d:\work\work2017\soa\smsv5src\ses\sgs\debug\cmdspcl.obj
d:\work\work2017\soa\smsv5src\ses\sgs\debug\cmdslct.obj
d:\work\work2017\soa\smsv5src\ses\sgs\debug\cmdploter.obj
d:\work\work2017\soa\smsv5src\ses\sgs\debug\cmdmsur.obj
d:\work\work2017\soa\smsv5src\ses\sgs\debug\cmdkamoncrct.obj
d:\work\work2017\soa\smsv5src\ses\sgs\debug\cmdfile.obj
d:\work\work2017\soa\smsv5src\ses\sgs\debug\cmdfigu.obj
d:\work\work2017\soa\smsv5src\ses\sgs\debug\cmdedit.obj
d:\work\work2017\soa\smsv5src\ses\sgs\debug\cmddibc.obj
d:\work\work2017\soa\smsv5src\ses\sgs\debug\cmdcrdnt.obj
d:\work\work2017\soa\smsv5src\ses\sgs\debug\cmdclr.obj
d:\work\work2017\soa\smsv5src\ses\sgs\debug\cmdbasebmp.obj
d:\work\work2017\soa\smsv5src\ses\sgs\debug\cmdbase.obj
d:\work\work2017\soa\smsv5src\ses\sgs\debug\cmdatr.obj
d:\work\work2017\soa\smsv5src\ses\sgs\debug\bmpfile.obj
d:\work\work2017\soa\smsv5src\ses\sgs\debug\dialogfontchange.obj
d:\work\work2017\soa\smsv5src\ses\sgs\debug\dialogeskamon.obj
d:\work\work2017\soa\smsv5src\ses\sgs\debug\dialogepskamonload.obj
d:\work\work2017\soa\smsv5src\ses\sgs\debug\dialogeditbar.obj
d:\work\work2017\soa\smsv5src\ses\sgs\debug\dialogdivplotout.obj
d:\work\work2017\soa\smsv5src\ses\sgs\debug\dialogdirslct.obj
d:\work\work2017\soa\smsv5src\ses\sgs\debug\dialogcrctload.obj
d:\work\work2017\soa\smsv5src\ses\sgs\debug\dialogcrctdisp.obj
d:\work\work2017\soa\smsv5src\ses\sgs\debug\dialogconerkind.obj
d:\work\work2017\soa\smsv5src\ses\sgs\debug\dialogbmpround.obj
d:\work\work2017\soa\smsv5src\ses\sgs\debug\dialog2pointsize.obj
d:\work\work2017\soa\smsv5src\ses\sgs\debug\crosslib.obj
d:\work\work2017\soa\smsv5src\ses\sgs\debug\cmdzoom.obj
d:\work\work2017\soa\smsv5src\ses\sgs\debug\cmdwaku.obj
d:\work\work2017\soa\smsv5src\ses\sgs\debug\cmdtrns.obj
d:\work\work2017\soa\smsv5src\ses\sgs\debug\cmdsystem.obj
d:\work\work2017\soa\smsv5src\ses\sgs\debug\dialogstrginput.obj
d:\work\work2017\soa\smsv5src\ses\sgs\debug\dialogslctstrg.obj
d:\work\work2017\soa\smsv5src\ses\sgs\debug\dialogsizelist.obj
d:\work\work2017\soa\smsv5src\ses\sgs\debug\dialogsizecrcl.obj
d:\work\work2017\soa\smsv5src\ses\sgs\debug\dialogsizeboxs.obj
d:\work\work2017\soa\smsv5src\ses\sgs\debug\dialogshadow.obj
d:\work\work2017\soa\smsv5src\ses\sgs\debug\dialogscrnenv.obj
d:\work\work2017\soa\smsv5src\ses\sgs\debug\dialogscrnclr.obj
d:\work\work2017\soa\smsv5src\ses\sgs\debug\dialogplotout.obj
d:\work\work2017\soa\smsv5src\ses\sgs\debug\dialogoutline.obj
d:\work\work2017\soa\smsv5src\ses\sgs\debug\dialogmsuratrset.obj
d:\work\work2017\soa\smsv5src\ses\sgs\debug\dialogmojimove.obj
d:\work\work2017\soa\smsv5src\ses\sgs\debug\dialogmojifiting.obj
d:\work\work2017\soa\smsv5src\ses\sgs\debug\dialogkamonload.obj
d:\work\work2017\soa\smsv5src\ses\sgs\debug\dialoginputnumpair.obj
d:\work\work2017\soa\smsv5src\ses\sgs\debug\dialoginputnum.obj
d:\work\work2017\soa\smsv5src\ses\sgs\debug\dialogimagesave.obj
d:\work\work2017\soa\smsv5src\ses\sgs\debug\dialoggradation.obj
d:\work\work2017\soa\smsv5src\ses\sgs\debug\dialoggaijislct.obj
d:\work\work2017\soa\smsv5src\ses\sgs\debug\dialoggaiji.obj
d:\work\work2017\soa\smsv5src\ses\sgs\debug\filedxf.obj
d:\work\work2017\soa\smsv5src\ses\sgs\debug\filearc.obj
d:\work\work2017\soa\smsv5src\ses\sgs\debug\excellib.obj
d:\work\work2017\soa\smsv5src\ses\sgs\debug\diblib.obj
d:\work\work2017\soa\smsv5src\ses\sgs\debug\dialogwkpaperdel.obj
d:\work\work2017\soa\smsv5src\ses\sgs\debug\dialogwakusort.obj
d:\work\work2017\soa\smsv5src\ses\sgs\debug\dialogwakusave.obj
d:\work\work2017\soa\smsv5src\ses\sgs\debug\dialogwakupaper.obj
d:\work\work2017\soa\smsv5src\ses\sgs\debug\dialogwakuload.obj
d:\work\work2017\soa\smsv5src\ses\sgs\debug\dialogwakugrup.obj
d:\work\work2017\soa\smsv5src\ses\sgs\debug\dialogwakuedit.obj
d:\work\work2017\soa\smsv5src\ses\sgs\debug\dialogwakudelete.obj
d:\work\work2017\soa\smsv5src\ses\sgs\debug\dialogwakuatrchange.obj
d:\work\work2017\soa\smsv5src\ses\sgs\debug\dialogwakuaddatr.obj
d:\work\work2017\soa\smsv5src\ses\sgs\debug\dialogtraceimage.obj
d:\work\work2017\soa\smsv5src\ses\sgs\debug\dialogtextinput.obj
d:\work\work2017\soa\smsv5src\ses\sgs\debug\dialogstrgvstruct.obj
d:\work\work2017\soa\smsv5src\ses\sgs\debug\dialogstrglineup.obj
d:\work\work2017\soa\smsv5src\ses\sgs\debug\dialogstrginseart.obj
d:\work\work2017\soa\smsv5src\ses\sgs\debug\dialoggaijiload.obj
d:\work\work2017\soa\smsv5src\ses\sgs\debug\command.obj
d:\work\work2017\soa\smsv5src\ses\sgs\debug\cmdswak.obj
d:\work\work2017\soa\smsv5src\ses\sgs\debug\cmdsline.obj
d:\work\work2017\soa\smsv5src\ses\sgs\debug\cmdpoint.obj
d:\work\work2017\soa\smsv5src\ses\sgs\debug\cmdpart.obj
d:\work\work2017\soa\smsv5src\ses\sgs\debug\cmdmoji.obj
d:\work\work2017\soa\smsv5src\ses\sgs\debug\cmdline.obj
d:\work\work2017\soa\smsv5src\ses\sgs\debug\childfrm.obj
d:\work\work2017\soa\smsv5src\ses\sgs\debug\wakutool.obj
d:\work\work2017\soa\smsv5src\ses\sgs\debug\viewfiledialog.obj
d:\work\work2017\soa\smsv5src\ses\sgs\debug\myfiledialog.obj
d:\work\work2017\soa\smsv5src\ses\sgs\debug\myedit.obj
d:\work\work2017\soa\smsv5src\ses\sgs\debug\mydialogbar.obj
d:\work\work2017\soa\smsv5src\ses\sgs\debug\mydialog.obj
d:\work\work2017\soa\smsv5src\ses\sgs\debug\mybutton.obj
d:\work\work2017\soa\smsv5src\ses\sgs\debug\minmax.obj
d:\work\work2017\soa\smsv5src\ses\sgs\debug\fontcbox.obj
d:\work\work2017\soa\smsv5src\ses\sgs\debug\filevect.obj
d:\work\work2017\soa\smsv5src\ses\sgs\debug\fileeps.obj
d:\work\work2017\soa\smsv5src\ses\sgs\debug\sysenv.obj
d:\work\work2017\soa\smsv5src\ses\sgs\debug\sgsview.obj
d:\work\work2017\soa\smsv5src\ses\sgs\debug\mainfrm.obj
d:\work\work2017\soa\smsv5src\ses\sgs\debug\dialogwakubarg2.obj
d:\work\work2017\soa\smsv5src\ses\sgs\debug\dialogwakubarg1.obj
d:\work\work2017\soa\smsv5src\ses\sgs\debug\dialogmojisave.obj
d:\work\work2017\soa\smsv5src\ses\sgs\debug\dialogmojiload.obj
d:\work\work2017\soa\smsv5src\ses\sgs\debug\dialoggaijisave.obj
d:\work\work2017\soa\smsv5src\ses\sgs\debug\sgs.tlog\cl.command.1.tlog
d:\work\work2017\soa\smsv5src\ses\sgs\debug\sgs.tlog\cl.read.1.tlog
d:\work\work2017\soa\smsv5src\ses\sgs\debug\sgs.tlog\cl.write.1.tlog
