d:\work\work2017\soa\smsv5src\object\release\vc141.pdb
d:\work\work2017\soa\smsv5src\object\release\scrfont.obj
d:\work\work2017\soa\smsv5src\object\release\msurvect.obj
d:\work\work2017\soa\smsv5src\object\release\mojivect.obj
d:\work\work2017\soa\smsv5src\object\release\metadata.obj
d:\work\work2017\soa\smsv5src\object\release\mx2font.obj
d:\work\work2017\soa\smsv5src\object\release\gdiplusex.obj
d:\work\work2017\soa\smsv5src\object\release\fsf1font.obj
d:\work\work2017\soa\smsv5src\object\release\fbu0font.obj
d:\work\work2017\soa\smsv5src\object\release\esf1font.obj
d:\work\work2017\soa\smsv5src\object\release\esf0font.obj
d:\work\work2017\soa\smsv5src\object\release\dibcdata.obj
d:\work\work2017\soa\smsv5src\object\release\datalogo.obj
d:\work\work2017\soa\smsv5src\object\release\datalist.obj
d:\work\work2017\soa\smsv5src\object\release\datagrup.obj
d:\work\work2017\soa\smsv5src\object\release\datafdib.obj
d:\work\work2017\soa\smsv5src\object\release\data.obj
d:\work\work2017\soa\smsv5src\object\release\clipdata.obj
d:\work\work2017\soa\smsv5src\object\release\boldlib.obj
d:\work\work2017\soa\smsv5src\object\release\arkfont.obj
d:\work\work2017\soa\smsv5src\object\release\arcfont.obj
d:\work\work2017\soa\smsv5src\object\release\winttfont.obj
d:\work\work2017\soa\smsv5src\object\release\wakuvect.obj
d:\work\work2017\soa\smsv5src\object\release\vect.obj
d:\work\work2017\soa\smsv5src\object\release\strgvect.obj
d:\work\work2017\soa\smsv5src\object\release\swakvect.obj
d:\work\work2017\soa\smsv5src\object\release\sptnvect.obj
d:\work\work2017\soa\smsv5src\object\release\object.pch
d:\work\work2017\soa\smsv5src\object\release\stdafx.obj
d:\work\work2017\soa\smsv5src\object\release\object.obj
d:\work\work2017\soa\smsv5src\object\release\plist.obj
d:\work\work2017\soa\smsv5src\object\release\pblock.obj
d:\work\work2017\soa\smsv5src\ses\release\object.dll
d:\work\work2017\soa\smsv5src\ses\release\object.pdb
d:\work\work2017\soa\smsv5src\ses\release\object.lib
d:\work\work2017\soa\smsv5src\ses\release\object.exp
d:\work\work2017\soa\smsv5src\ses\release\object.ipdb
d:\work\work2017\soa\smsv5src\ses\release\object.iobj
d:\work\work2017\soa\smsv5src\object\release\object.res
d:\work\work2017\soa\smsv5src\object\release\object.tlog\cl.command.1.tlog
d:\work\work2017\soa\smsv5src\object\release\object.tlog\cl.read.1.tlog
d:\work\work2017\soa\smsv5src\object\release\object.tlog\cl.write.1.tlog
d:\work\work2017\soa\smsv5src\object\release\object.tlog\link.command.1.tlog
d:\work\work2017\soa\smsv5src\object\release\object.tlog\link.delete.1.tlog
d:\work\work2017\soa\smsv5src\object\release\object.tlog\link.read.1.tlog
d:\work\work2017\soa\smsv5src\object\release\object.tlog\link.write.1.tlog
d:\work\work2017\soa\smsv5src\object\release\object.tlog\object.write.1u.tlog
d:\work\work2017\soa\smsv5src\object\release\object.tlog\rc.command.1.tlog
d:\work\work2017\soa\smsv5src\object\release\object.tlog\rc.read.1.tlog
d:\work\work2017\soa\smsv5src\object\release\object.tlog\rc.write.1.tlog
